This is pdfTeX, Version 3.14159265-2.6-1.40.17 (TeX Live 2016) (preloaded format=pdflatex 2016.5.22)  24 JUN 2018 22:16
entering extended mode
 restricted \write18 enabled.
 file:line:error style messages enabled.
 %&-line parsing enabled.
**main
(./main.tex
LaTeX2e <2016/03/31>
Babel <3.9r> and hyphenation patterns for 83 language(s) loaded.
(./vldb.cls (/usr/local/texlive/2016/texmf-dist/tex/latex/geometry/geometry.sty
Package: geometry 2010/09/12 v5.6 Page Geometry
(/usr/local/texlive/2016/texmf-dist/tex/latex/graphics/keyval.sty
Package: keyval 2014/10/28 v1.15 key=value parser (DPC)
\KV@toks@=\toks14
)
(/usr/local/texlive/2016/texmf-dist/tex/generic/oberdiek/ifpdf.sty
Package: ifpdf 2016/05/14 v3.1 Provides the ifpdf switch
)
(/usr/local/texlive/2016/texmf-dist/tex/generic/oberdiek/ifvtex.sty
Package: ifvtex 2016/05/16 v1.6 Detect VTeX and its facilities (HO)
Package ifvtex Info: VTeX not detected.
)
(/usr/local/texlive/2016/texmf-dist/tex/generic/ifxetex/ifxetex.sty
Package: ifxetex 2010/09/12 v0.6 Provides ifxetex conditional
)
\Gm@cnth=\count79
\Gm@cntv=\count80
\c@Gm@tempcnt=\count81
\Gm@bindingoffset=\dimen102
\Gm@wd@mp=\dimen103
\Gm@odd@mp=\dimen104
\Gm@even@mp=\dimen105
\Gm@layoutwidth=\dimen106
\Gm@layoutheight=\dimen107
\Gm@layouthoffset=\dimen108
\Gm@layoutvoffset=\dimen109
\Gm@dimlist=\toks15
)
(/usr/local/texlive/2016/texmf-dist/tex/latex/graphics/epsfig.sty
Package: epsfig 1999/02/16 v1.7a (e)psfig emulation (SPQR)

(/usr/local/texlive/2016/texmf-dist/tex/latex/graphics/graphicx.sty
Package: graphicx 2014/10/28 v1.0g Enhanced LaTeX Graphics (DPC,SPQR)

(/usr/local/texlive/2016/texmf-dist/tex/latex/graphics/graphics.sty
Package: graphics 2016/05/09 v1.0r Standard LaTeX Graphics (DPC,SPQR)

(/usr/local/texlive/2016/texmf-dist/tex/latex/graphics/trig.sty
Package: trig 2016/01/03 v1.10 sin cos tan (DPC)
)
(/usr/local/texlive/2016/texmf-dist/tex/latex/graphics-cfg/graphics.cfg
File: graphics.cfg 2016/01/02 v1.10 sample graphics configuration
)
Package graphics Info: Driver file: pdftex.def on input line 96.

(/usr/local/texlive/2016/texmf-dist/tex/latex/pdftex-def/pdftex.def
File: pdftex.def 2011/05/27 v0.06d Graphics/color for pdfTeX

(/usr/local/texlive/2016/texmf-dist/tex/generic/oberdiek/infwarerr.sty
Package: infwarerr 2016/05/16 v1.4 Providing info/warning/error messages (HO)
)
(/usr/local/texlive/2016/texmf-dist/tex/generic/oberdiek/ltxcmds.sty
Package: ltxcmds 2016/05/16 v1.23 LaTeX kernel commands for general use (HO)
)
\Gread@gobject=\count82
))
\Gin@req@height=\dimen110
\Gin@req@width=\dimen111
)
\epsfxsize=\dimen112
\epsfysize=\dimen113
)
(/usr/local/texlive/2016/texmf-dist/tex/latex/amsfonts/amssymb.sty
Package: amssymb 2013/01/14 v3.01 AMS font symbols

(/usr/local/texlive/2016/texmf-dist/tex/latex/amsfonts/amsfonts.sty
Package: amsfonts 2013/01/14 v3.01 Basic AMSFonts support
\@emptytoks=\toks16
\symAMSa=\mathgroup4
\symAMSb=\mathgroup5
LaTeX Font Info:    Overwriting math alphabet `\mathfrak' in version `bold'
(Font)                  U/euf/m/n --> U/euf/b/n on input line 106.
))
(/usr/local/texlive/2016/texmf-dist/tex/latex/amsmath/amsmath.sty
Package: amsmath 2016/03/10 v2.15b AMS math features
\@mathmargin=\skip41

For additional information on amsmath, use the `?' option.
(/usr/local/texlive/2016/texmf-dist/tex/latex/amsmath/amstext.sty
Package: amstext 2000/06/29 v2.01 AMS text

(/usr/local/texlive/2016/texmf-dist/tex/latex/amsmath/amsgen.sty
File: amsgen.sty 1999/11/30 v2.0 generic functions
\@emptytoks=\toks17
\ex@=\dimen114
))
(/usr/local/texlive/2016/texmf-dist/tex/latex/amsmath/amsbsy.sty
Package: amsbsy 1999/11/29 v1.2d Bold Symbols
\pmbraise@=\dimen115
)
(/usr/local/texlive/2016/texmf-dist/tex/latex/amsmath/amsopn.sty
Package: amsopn 2016/03/08 v2.02 operator names
)
\inf@bad=\count83
LaTeX Info: Redefining \frac on input line 199.
\uproot@=\count84
\leftroot@=\count85
LaTeX Info: Redefining \overline on input line 297.
\classnum@=\count86
\DOTSCASE@=\count87
LaTeX Info: Redefining \ldots on input line 394.
LaTeX Info: Redefining \dots on input line 397.
LaTeX Info: Redefining \cdots on input line 518.
\Mathstrutbox@=\box26
\strutbox@=\box27
\big@size=\dimen116
LaTeX Font Info:    Redeclaring font encoding OML on input line 634.
LaTeX Font Info:    Redeclaring font encoding OMS on input line 635.
\macc@depth=\count88
\c@MaxMatrixCols=\count89
\dotsspace@=\muskip10
\c@parentequation=\count90
\dspbrk@lvl=\count91
\tag@help=\toks18
\row@=\count92
\column@=\count93
\maxfields@=\count94
\andhelp@=\toks19
\eqnshift@=\dimen117
\alignsep@=\dimen118
\tagshift@=\dimen119
\tagwidth@=\dimen120
\totwidth@=\dimen121
\lineht@=\dimen122
\@envbody=\toks20
\multlinegap=\skip42
\multlinetaggap=\skip43
\mathdisplay@stack=\toks21
LaTeX Info: Redefining \[ on input line 2739.
LaTeX Info: Redefining \] on input line 2740.
)
Document Class 'vldb' - based on 'sig-alternate' <26th. July '05>. Modified by 
G.K.M. Tobin/Gerry Murray
Based in part upon document Style `acmconf' <22 May 89>. Hacked 4/91 by
shivers@cs.cmu.edu, 4/93 by theobald@cs.mcgill.ca
Excerpts were taken from (Journal Style) 'esub2acm.cls'.
****** Bugs/comments/suggestions/technicalities to Gerry Murray -- murray@hq.ac
m.org ******
Questions on the style, SIGS policies, etc. to Adrienne Griscti griscti@acm.org

\footheight=\dimen123
\@maxsep=\dimen124
\@dblmaxsep=\dimen125
\aucount=\count95
\originalaucount=\count96
\auwidth=\dimen126
\auskip=\dimen127
\auskipcount=\count97
\auskip=\dimen128
\allauboxes=\dimen129
\addauthors=\toks22
\addauflag=\count98
\subtitletext=\toks23
\savesection=\count99
\sectioncntr=\count100
\c@figure=\count101
\c@table=\count102
\titleboxnotes=\toks24
\titleboxnoteflag=\count103
Document Class: vldb 2010/10/19 - V1.8b - based on sig-alternate V1.8 - based o
n acmproc.cls V1.3 <Nov. 30 '99>
(/usr/local/texlive/2016/texmf-dist/tex/latex/base/latexsym.sty
Package: latexsym 1998/08/17 v2.2e Standard LaTeX package (lasy symbols)
\symlasy=\mathgroup6
LaTeX Font Info:    Overwriting symbol font `lasy' in version `bold'
(Font)                  U/lasy/m/n --> U/lasy/b/n on input line 52.
)
\@acmtitlebox=\box28
\titlenotecount=\count104
\tntoks=\toks25
\tntokstwo=\toks26
\tntoksthree=\toks27
\tntoksfour=\toks28
\tntoksfive=\toks29
\catcount=\count105
\copyrightnotice=\toks30
\conf=\toks31
\confinfo=\toks32
\c@part=\count106
\c@section=\count107
\c@subsection=\count108
\c@subsubsection=\count109
\c@paragraph=\count110

Using 'Abbrev' bibliography style
\bibindent=\dimen130
\colcntr=\count111
\savebox=\box29
\copyrtyr=\toks33
\acmcopyr=\toks34
\boilerplate=\toks35
\copyrightetc=\toks36
) (/usr/local/texlive/2016/texmf-dist/tex/latex/subfigure/subfigure.sty
Package: subfigure 2002/03/15 v2.1.5 subfigure package


Package subfigure Warning: Your document class has a bad definition
 of \endfigure, most likely
 \let\endfigure=\end@float
 which has now been changed to
 \def\endfigure{\end@float}
 because otherwise subsequent changes to \end@float
 (like done by several packages changing float behaviour)
 can't take effect on \endfigure.
 Please complain to your document class author.


Package subfigure Warning: Your document class has a bad definition
 of \endtable, most likely
 \let\endtable=\end@float
 which has now been changed to
 \def\endtable{\end@float}
 because otherwise subsequent changes to \end@float
 (like done by several packages changing float behaviour)
 can't take effect on \endtable.
 Please complain to your document class author.

\subfigtopskip=\skip44
\subfigcapskip=\skip45
\subfigcaptopadj=\dimen131
\subfigbottomskip=\skip46
\subfigcapmargin=\dimen132
\subfiglabelskip=\skip47
\c@subfigure=\count112
\c@lofdepth=\count113
\c@subtable=\count114
\c@lotdepth=\count115
****************************************
* Local config file subfigure.cfg used *
****************************************
(/usr/local/texlive/2016/texmf-dist/tex/latex/subfigure/subfigure.cfg)
\subfig@top=\skip48
\subfig@bottom=\skip49
)
(/usr/local/texlive/2016/texmf-dist/tex/latex/graphics/color.sty
Package: color 2016/05/09 v1.1c Standard LaTeX Color (DPC)

(/usr/local/texlive/2016/texmf-dist/tex/latex/graphics-cfg/color.cfg
File: color.cfg 2016/01/02 v1.6 sample color configuration
)
Package color Info: Driver file: pdftex.def on input line 144.
)
(/usr/local/texlive/2016/texmf-dist/tex/latex/preprint/balance.sty
Package: balance 1999/02/23 4.3 (PWD)
\oldvsize=\dimen133
)
(/usr/local/texlive/2016/texmf-dist/tex/latex/oberdiek/epstopdf.sty
Package: epstopdf 2016/05/15 v2.6 Conversion with epstopdf on the fly (HO)

(/usr/local/texlive/2016/texmf-dist/tex/latex/oberdiek/epstopdf-base.sty
Package: epstopdf-base 2016/05/15 v2.6 Base part for package epstopdf

(/usr/local/texlive/2016/texmf-dist/tex/latex/oberdiek/grfext.sty
Package: grfext 2016/05/16 v1.2 Manage graphics extensions (HO)

(/usr/local/texlive/2016/texmf-dist/tex/generic/oberdiek/kvdefinekeys.sty
Package: kvdefinekeys 2016/05/16 v1.4 Define keys (HO)
))
(/usr/local/texlive/2016/texmf-dist/tex/latex/oberdiek/kvoptions.sty
Package: kvoptions 2016/05/16 v3.12 Key value format for package options (HO)

(/usr/local/texlive/2016/texmf-dist/tex/generic/oberdiek/kvsetkeys.sty
Package: kvsetkeys 2016/05/16 v1.17 Key value parser (HO)

(/usr/local/texlive/2016/texmf-dist/tex/generic/oberdiek/etexcmds.sty
Package: etexcmds 2016/05/16 v1.6 Avoid name clashes with e-TeX commands (HO)

(/usr/local/texlive/2016/texmf-dist/tex/generic/oberdiek/ifluatex.sty
Package: ifluatex 2016/05/16 v1.4 Provides the ifluatex switch (HO)
Package ifluatex Info: LuaTeX not detected.
)
Package etexcmds Info: Could not find \expanded.
(etexcmds)             That can mean that you are not using pdfTeX 1.50 or
(etexcmds)             that some package has redefined \expanded.
(etexcmds)             In the latter case, load this package earlier.
)))
(/usr/local/texlive/2016/texmf-dist/tex/generic/oberdiek/pdftexcmds.sty
Package: pdftexcmds 2016/05/10 v0.21 Utility functions of pdfTeX for LuaTeX (HO
)
Package pdftexcmds Info: LuaTeX not detected.
Package pdftexcmds Info: \pdf@primitive is available.
Package pdftexcmds Info: \pdf@ifprimitive is available.
Package pdftexcmds Info: \pdfdraftmode found.
)
Package grfext Info: Graphics extension search list:
(grfext)             [.png,.pdf,.jpg,.mps,.jpeg,.jbig2,.jb2,.PNG,.PDF,.JPG,.JPE
G,.JBIG2,.JB2,.eps]
(grfext)             \AppendGraphicsExtensions on input line 456.

(/usr/local/texlive/2016/texmf-dist/tex/latex/latexconfig/epstopdf-sys.cfg
File: epstopdf-sys.cfg 2010/07/13 v1.3 Configuration of (r)epstopdf for TeX Liv
e
)))
(/usr/local/texlive/2016/texmf-dist/tex/generic/babel/babel.sty
Package: babel 2016/04/23 3.9r The Babel package

(/usr/local/texlive/2016/texmf-dist/tex/generic/babel-english/english.ldf
Language: english 2012/08/20 v3.3p English support from the babel system

(/usr/local/texlive/2016/texmf-dist/tex/generic/babel/babel.def
File: babel.def 2016/04/23 3.9r Babel common definitions
\babel@savecnt=\count116
\U@D=\dimen134
)
\l@canadian = a dialect from \language\l@american 
\l@australian = a dialect from \language\l@british 
\l@newzealand = a dialect from \language\l@british 
))
(/usr/local/texlive/2016/texmf-dist/tex/latex/caption/caption.sty
Package: caption 2016/02/21 v3.3-144 Customizing captions (AR)

(/usr/local/texlive/2016/texmf-dist/tex/latex/caption/caption3.sty
Package: caption3 2016/02/04 v1.7-139 caption3 kernel (AR)
Package caption3 Info: TeX engine: e-TeX on input line 67.
\captionmargin=\dimen135
\captionmargin@=\dimen136
\captionwidth=\dimen137
\caption@tempdima=\dimen138
\caption@indent=\dimen139
\caption@parindent=\dimen140
\caption@hangindent=\dimen141
\abovecaptionskip=\skip50
\belowcaptionskip=\skip51
Package caption Info: Unknown document class (or package),
(caption)             standard defaults will be used.
)

Package caption Warning: Unsupported document class (or package) detected,
(caption)                usage of the caption package is not recommended.
See the caption package documentation for explanation.

Package caption Info: \@makecaption = \long macro:#1#2-> \vskip 10pt \setbox \@
tempboxa \hbox {\textbf {#1: #2}} \ifdim \wd \@tempboxa >\hsize \textbf {#1: #2
}\par \else \hbox to\hsize {\hfil \box \@tempboxa \hfil } \fi .
\c@ContinuedFloat=\count117
Package caption Info: subfigure package is loaded.
) (/usr/local/texlive/2016/texmf-dist/tex/latex/cite/cite.sty
LaTeX Info: Redefining \cite on input line 302.
LaTeX Info: Redefining \nocite on input line 332.
Package: cite 2015/02/27  v 5.5
)
(/usr/local/texlive/2016/texmf-dist/tex/latex/amscls/amsthm.sty
Package: amsthm 2015/03/04 v2.20.2
\thm@style=\toks37
\thm@bodyfont=\toks38
\thm@headfont=\toks39
\thm@notefont=\toks40
\thm@headpunct=\toks41
\thm@preskip=\skip52
\thm@postskip=\skip53
\thm@headsep=\skip54
\dth@everypar=\toks42
LaTeX Info: Redefining \qed on input line 264.


/usr/local/texlive/2016/texmf-dist/tex/latex/amscls/amsthm.sty:431: LaTeX Error
: Command \proof already defined.
               Or name \end... illegal, see p.192 of the manual.

See the LaTeX manual or LaTeX Companion for explanation.
Type  H <return>  for immediate help.
 ...                                              
                                                  
l.431 }
       
Your command was ignored.
Type  I <command> <return>  to replace it with another command,
or  <return>  to continue without it.

) (/usr/local/texlive/2016/texmf-dist/tex/latex/algorithms/algorithm.sty
Package: algorithm 2009/08/24 v0.1 Document Style `algorithm' - floating enviro
nment

(/usr/local/texlive/2016/texmf-dist/tex/latex/float/float.sty
Package: float 2001/11/08 v1.3d Float enhancements (AL)
\c@float@type=\count118
\float@exts=\toks43
\float@box=\box30
\@float@everytoks=\toks44
\@floatcapt=\box31
)
(/usr/local/texlive/2016/texmf-dist/tex/latex/base/ifthen.sty
Package: ifthen 2014/09/29 v1.1c Standard LaTeX ifthen package (DPC)
)
\@float@every@algorithm=\toks45
\c@algorithm=\count119
)
(/usr/local/texlive/2016/texmf-dist/tex/latex/algorithms/algorithmic.sty
Package: algorithmic 2009/08/24 v0.1 Document Style `algorithmic'
\c@ALC@unique=\count120
\c@ALC@line=\count121
\c@ALC@rem=\count122
\c@ALC@depth=\count123
\ALC@tlm=\skip55
\algorithmicindent=\skip56
)
\c@definition=\count124
\c@problem=\count125
\c@example=\count126
\c@observation=\count127
\c@lemma=\count128

(./main.aux

LaTeX Warning: Label `fig:socialNetwork' multiply defined.


LaTeX Warning: Label `sub@fig:socialNetwork' multiply defined.


LaTeX Warning: Label `fig:b2bNetwork' multiply defined.


LaTeX Warning: Label `sub@fig:b2bNetwork' multiply defined.


LaTeX Warning: Label `eq:inject' multiply defined.

)
\openout1 = `main.aux'.

LaTeX Font Info:    Checking defaults for OML/cmm/m/it on input line 60.
LaTeX Font Info:    ... okay on input line 60.
LaTeX Font Info:    Checking defaults for T1/cmr/m/n on input line 60.
LaTeX Font Info:    ... okay on input line 60.
LaTeX Font Info:    Checking defaults for OT1/cmr/m/n on input line 60.
LaTeX Font Info:    ... okay on input line 60.
LaTeX Font Info:    Checking defaults for OMS/cmsy/m/n on input line 60.
LaTeX Font Info:    ... okay on input line 60.
LaTeX Font Info:    Checking defaults for OMX/cmex/m/n on input line 60.
LaTeX Font Info:    ... okay on input line 60.
LaTeX Font Info:    Checking defaults for U/cmr/m/n on input line 60.
LaTeX Font Info:    ... okay on input line 60.

*geometry* detected driver: pdftex
*geometry* verbose mode - [ preamble ] result:
* driver: pdftex
* paper: letterpaper
* layout: <same size as paper>
* layoutoffset:(h,v)=(0.0pt,0.0pt)
* modes: twoside 
* h-part:(L,W,R)=(92.14519pt, 430.00462pt, 92.14519pt)
* v-part:(T,H,B)=(95.39737pt, 556.47656pt, 143.09605pt)
* \paperwidth=614.295pt
* \paperheight=794.96999pt
* \textwidth=504.0pt
* \textheight=666.0pt
* \oddsidemargin=-18.26999pt
* \evensidemargin=-18.26999pt
* \topmargin=-55.26999pt
* \headheight=12.0pt
* \headsep=25.0pt
* \topskip=10.0pt
* \footskip=30.0pt
* \marginparwidth=0.0pt
* \marginparsep=11.0pt
* \columnsep=24.0pt
* \skip\footins=8.1pt plus 4.0pt minus 2.0pt
* \hoffset=0.0pt
* \voffset=0.0pt
* \mag=1000
* \@twocolumntrue
* \@twosidetrue
* \@mparswitchtrue
* \@reversemarginfalse
* (1in=72.27pt=25.4mm, 1cm=28.453pt)

(/usr/local/texlive/2016/texmf-dist/tex/context/base/mkii/supp-pdf.mkii
[Loading MPS to PDF converter (version 2006.09.02).]
\scratchcounter=\count129
\scratchdimen=\dimen142
\scratchbox=\box32
\nofMPsegments=\count130
\nofMParguments=\count131
\everyMPshowfont=\toks46
\MPscratchCnt=\count132
\MPscratchDim=\dimen143
\MPnumerator=\count133
\makeMPintoPDFobject=\count134
\everyMPtoPDFconversion=\toks47
)
Package caption Info: Begin \AtBeginDocument code.
Package caption Info: float package is loaded.
Package caption Info: End \AtBeginDocument code.
LaTeX Font Info:    Try loading font information for U+msa on input line 95.
 (/usr/local/texlive/2016/texmf-dist/tex/latex/amsfonts/umsa.fd
File: umsa.fd 2013/01/14 v3.01 AMS symbols A
)
LaTeX Font Info:    Try loading font information for U+msb on input line 95.

(/usr/local/texlive/2016/texmf-dist/tex/latex/amsfonts/umsb.fd
File: umsb.fd 2013/01/14 v3.01 AMS symbols B
)
LaTeX Font Info:    Try loading font information for U+lasy on input line 95.

(/usr/local/texlive/2016/texmf-dist/tex/latex/base/ulasy.fd
File: ulasy.fd 1998/08/17 v2.2e LaTeX symbol font definitions
)
(./motivation/intro.tex
<ill/SocialNetwork.pdf, id=1, 398.48875pt x 235.88126pt>
File: ill/SocialNetwork.pdf Graphic file (type pdf)

<use ill/SocialNetwork.pdf>
Package pdftex.def Info: ill/SocialNetwork.pdf used on input line 16.
(pdftex.def)             Requested size: 110.55457pt x 65.44142pt.

Overfull \hbox (2.5553pt too wide) in paragraph at lines 16--16
 [][] 
 []

<ill/B2BNetwork.pdf, id=2, 426.59375pt x 229.85875pt>
File: ill/B2BNetwork.pdf Graphic file (type pdf)
 <use ill/B2BNetwork.pdf>
Package pdftex.def Info: ill/B2BNetwork.pdf used on input line 22.
(pdftex.def)             Requested size: 121.45029pt x 65.44142pt.

Overfull \hbox (13.45102pt too wide) in paragraph at lines 22--22
 [][] 
 []

<ill/methods.pdf, id=3, 469.755pt x 187.70125pt>
File: ill/methods.pdf Graphic file (type pdf)
 <use ill/methods.pdf>
Package pdftex.def Info: ill/methods.pdf used on input line 39.
(pdftex.def)             Requested size: 215.99854pt x 86.30638pt.
 [1{/usr/local/texlive/2016/texmf-var/fonts/map/pdftex/updmap/pdftex.map}


 <./ill/SocialNetwork.pdf> <./ill/B2BNetwork.pdf> <./ill/methods.pdf>]
Overfull \hbox (6.6761pt too wide) in paragraph at lines 50--56
[]\OT1/cmr/m/n/9 In the pre-vi-ous work [11], we ever pro-posed a representativ
e-
 []


Overfull \hbox (5.75014pt too wide) in paragraph at lines 50--56
\OT1/cmr/m/n/9 anonymiza-tion tech-niques. How-ever, the representative-based
 []


Overfull \hbox (13.15668pt too wide) in paragraph at lines 57--59
[]\OT1/cmr/m/n/9 As ever dis-cussed, con-ven-tional graph anonymiza-tion scheme
s
 []


Underfull \vbox (badness 10000) has occurred while \output is active []

Missing character: There is no ‚ in font cmr9!
Missing character: There is no Ä in font cmr9!
Missing character: There is no ì in font cmr9!
)
(./relates.tex [2]
Underfull \vbox (badness 1558) has occurred while \output is active []

)
(./notation.tex
Overfull \hbox (3.07132pt too wide) in paragraph at lines 6--7
[]\OT1/cmr/m/n/9 In this sec-tion, we present back-ground on un-cer-tain graphs
,
 []

<ill/example_source.pdf, id=186, 379.4175pt x 224.84pt>
File: ill/example_source.pdf Graphic file (type pdf)

<use ill/example_source.pdf>
Package pdftex.def Info: ill/example_source.pdf used on input line 23.
(pdftex.def)             Requested size: 129.63707pt x 76.82234pt.

Overfull \hbox (19.23546pt too wide) in paragraph at lines 23--23
 [][] 
 []

<ill/example_output.jpg, id=187, 789.95125pt x 478.78876pt>
File: ill/example_output.jpg Graphic file (type jpg)

<use ill/example_output.jpg>
Package pdftex.def Info: ill/example_output.jpg used on input line 29.
(pdftex.def)             Requested size: 126.74432pt x 76.82234pt.

Overfull \hbox (16.34271pt too wide) in paragraph at lines 29--29
 [][] 
 []

[3 <./ill/example_source.pdf> <./ill/example_output.jpg>]
Overfull \hbox (10.5014pt too wide) in paragraph at lines 37--39
\OML/cmm/m/it/9 P\OT1/cmr/m/n/9 ([]\OMS/cmsy/m/n/9 j\OT1/cmr/m/n/9 2)$ as $\OML
/cmm/m/it/9 P\OT1/cmr/m/n/9 ([]\OMS/cmsy/m/n/9 j\OT1/cmr/m/n/9 2) = 0\OML/cmm/m
/it/9 :\OT1/cmr/m/n/9 5 \OMS/cmsy/m/n/9 ^^C \OT1/cmr/m/n/9 0\OML/cmm/m/it/9 :\O
T1/cmr/m/n/9 9 \OMS/cmsy/m/n/9 ^^C \OT1/cmr/m/n/9 0\OML/cmm/m/it/9 :\OT1/cmr/m/
n/9 9 = 0\OML/cmm/m/it/9 :\OT1/cmr/m/n/9 405$ and $\OML/cmm/m/it/9 P\OT1/cmr/m/
n/9 ([]\OMS/cmsy/m/n/9 j\OT1/cmr/m/n/9 2) =
 []


Overfull \hbox (1.296pt too wide) in paragraph at lines 41--42
\OT1/cmr/m/n/9 ble to the re-identification risk. Such En-tity Re-identificatio
n
 []


Overfull \hbox (9.14601pt too wide) in paragraph at lines 46--50
[]\OT1/cmr/m/sc/9 Obfuscation Pa-ram-e-ter   \OT1/cmr/m/n/9 Sim-i-lar to $\OML/
cmm/m/it/9 k\OMS/cmsy/m/n/9 ^^@$\OT1/cmr/m/n/9 anonymity, $\OML/cmm/m/it/9 k\OM
S/cmsy/m/n/9 ^^@$\OT1/cmr/m/n/9 obf
 []


Overfull \hbox (10.34378pt too wide) in paragraph at lines 51--55
\OT1/cmr/m/n/9 vided for $\OML/cmm/m/it/9 v$ \OT1/cmr/m/n/9 by the per-turbed g
raphs as the en-tropy of $\OMS/cmsy/m/n/9 f\OML/cmm/m/it/9 Pr\OT1/cmr/m/n/9 (\O
ML/cmm/m/it/9 v\OMS/cmsy/m/n/9 j\OML/cmm/m/it/9 u\OT1/cmr/m/n/9 ) :
 []

<ill/UL.pdf, id=215, 726.715pt x 289.08pt>
File: ill/UL.pdf Graphic file (type pdf)
 <use ill/UL.pdf>
Package pdftex.def Info: ill/UL.pdf used on input line 80.
(pdftex.def)             Requested size: 236.03542pt x 93.89418pt.

Overfull \hbox (18.81987pt too wide) in paragraph at lines 113--116
[]\OT1/cmr/bx/n/9 Problem 1. []\OT1/cmr/m/it/9 Given an un-cer-tain graph $\OMS
/cmsy/m/n/9 G$ \OT1/cmr/m/it/9 and de-sired anonymiza-
 []

) (./state_of_art.tex <ill/std_2.jpg, id=216, 1204.5pt x 451.6875pt>
File: ill/std_2.jpg Graphic file (type jpg)

<use ill/std_2.jpg>
Package pdftex.def Info: ill/std_2.jpg used on input line 22.
(pdftex.def)             Requested size: 192.00073pt x 71.99577pt.
 (./mainRoutine.tex
./mainRoutine.tex:14: Extra }, or forgotten $.
l.14 ... \leftarrow \sigma_{mid}$;~~{$\mathcal{G}}
                                                  _{obf} \leftarrow \hat{\ma...
I've deleted a group-closing symbol because it seems to be
spurious, as in `$x}$'. But perhaps the } is legitimate and
you forgot something else, as in `\hbox{$x}'. In such cases
the way to recover is to insert both the forgotten and the
deleted material, e.g., by typing `I$}'.

./mainRoutine.tex:15: Missing } inserted.
<inserted text> 
                }
l.15 ...L{$\sigma_{u}-\sigma_{l}$ is enough small}
                                                  
I've inserted something that you may have forgotten.
(See the <inserted text> above.)
With luck, this will get me unwedged. But if you
really didn't forget anything, try typing `2' now; then
my insertion and my current dilemma will both disappear.

) [4 <./ill/UL.pdf>]
LaTeX Font Info:    Font shape `OT1/cmtt/bx/n' in size <9> not available
(Font)              Font shape `OT1/cmtt/m/n' tried instead on input line 38.
Missing character: There is no ¬ in font cmr9!
Missing character: There is no † in font cmr9!
Missing character: There is no ¬ in font cmr9!
Missing character: There is no † in font cmr9!
Missing character: There is no ¬ in font cmr9!
Missing character: There is no † in font cmr9!
Missing character: There is no ¬ in font cmr9!
Missing character: There is no † in font cmr9!
Missing character: There is no ¬ in font cmr9!
Missing character: There is no † in font cmr9!
) (./squid.tex (./squid_hh.tex
Missing character: There is no ‚ in font cmr9!
Missing character: There is no Ä in font cmr9!
Missing character: There is no ú in font cmr9!
Missing character: There is no ‚ in font cmr9!
Missing character: There is no Ä in font cmr9!
Missing character: There is no ù in font cmr9!
 [5 <./ill/std_2.jpg>]
<ill/shift_distance.pdf, id=281, 426.59375pt x 131.49126pt>
File: ill/shift_distance.pdf Graphic file (type pdf)

<use ill/shift_distance.pdf>
Package pdftex.def Info: ill/shift_distance.pdf used on input line 29.
(pdftex.def)             Requested size: 240.0pt x 73.97768pt.

Underfull \vbox (badness 5388) has occurred while \output is active []


./squid_hh.tex:81: Missing delimiter (. inserted).
<to be read again> 
                   -
l.81 ... \sum_{u,v} R_{u,v}(\mathcal{G}_{e}) \big-
                                                   \sum_{u,v} R_{u,v}(\mathc...
I was expecting to see something like `(' or `\{' or
`\}' here. If you typed, e.g., `{' instead of `\{', you
should probably delete the `{' by typing `1' now, so that
braces don't get unbalanced. Otherwise just proceed.
Acceptable delimiters are characters whose \delcode is
nonnegative, or you can use `\delimiter <delimiter code>'.

(./squid_er_eval.tex <ill/iterativeERR.pdf, id=282, 255.95625pt x 235.88126pt>
File: ill/iterativeERR.pdf Graphic file (type pdf)

<use ill/iterativeERR.pdf>
Package pdftex.def Info: ill/iterativeERR.pdf used on input line 8.
(pdftex.def)             Requested size: 83.36053pt x 76.82234pt.
 <ill/groupERR.pdf, id=283, 273.02pt x 232.87pt>
File: ill/groupERR.pdf Graphic file (type pdf)

<use ill/groupERR.pdf>
Package pdftex.def Info: ill/groupERR.pdf used on input line 14.
(pdftex.def)             Requested size: 90.0677pt x 76.82234pt.
 [6 <./ill/shift_distance.pdf> <./ill/iterativeERR.pdf> <./ill/groupERR.pdf>]) 
(./squid_boost.tex)) (./squid_ui.tex
<ill/shift_UI.pdf, id=415, 579.16376pt x 105.39375pt>
File: ill/shift_UI.pdf Graphic file (type pdf)
 <use ill/shift_UI.pdf>
Package pdftex.def Info: ill/shift_UI.pdf used on input line 8.
(pdftex.def)             Requested size: 240.0pt x 43.67325pt.

[7 <./ill/shift_UI.pdf>]
Overfull \hbox (4.9501pt too wide) in paragraph at lines 87--92
\OT1/cmr/m/n/9 tu-ally to max-i-mize $[][] \OML/cmm/m/it/9 s\OT1/cmr/m/n/9 (\OM
L/cmm/m/it/9 !\OT1/cmr/m/n/9 )\OML/cmm/m/it/9 E\OT1/cmr/m/n/9 (\OML/cmm/m/it/9 
!\OT1/cmr/m/n/9 )$. It bridges the anonymity
 []


Overfull \hbox (2.1551pt too wide) in paragraph at lines 102--103
[]\OT1/cmr/bx/n/9 Observation 3. []\OT1/cmr/m/it/9 Equa-tion 4[] ap-prox-i-mate
s the gradient-based
 []


Package amsmath Warning: Foreign command \over;
(amsmath)                \frac or \genfrac should be used instead
(amsmath)                 on input line 120.

) (./squid_method.tex (./squid_genObf.tex))) (./squid_ex/exp.tex [8]
<expResult/ppi_RD.pdf, id=456, 462.52798pt x 346.89601pt>
File: expResult/ppi_RD.pdf Graphic file (type pdf)

<use expResult/ppi_RD.pdf>
Package pdftex.def Info: expResult/ppi_RD.pdf used on input line 16.
(pdftex.def)             Requested size: 156.23877pt x 117.18085pt.

<expResult/bk_RD.pdf, id=457, 462.52798pt x 346.89601pt>
File: expResult/bk_RD.pdf Graphic file (type pdf)

<use expResult/bk_RD.pdf>
Package pdftex.def Info: expResult/bk_RD.pdf used on input line 19.
(pdftex.def)             Requested size: 156.23877pt x 117.18085pt.

<expResult/dblp_RD.pdf, id=458, 462.52798pt x 346.89601pt>
File: expResult/dblp_RD.pdf Graphic file (type pdf)

<use expResult/dblp_RD.pdf>
Package pdftex.def Info: expResult/dblp_RD.pdf used on input line 22.
(pdftex.def)             Requested size: 156.23877pt x 117.18085pt.

<expResult/ppi_dd.pdf, id=459, 462.52798pt x 346.89601pt>
File: expResult/ppi_dd.pdf Graphic file (type pdf)

<use expResult/ppi_dd.pdf>
Package pdftex.def Info: expResult/ppi_dd.pdf used on input line 31.
(pdftex.def)             Requested size: 156.23877pt x 117.18085pt.

<expResult/bk_dd.pdf, id=460, 462.52798pt x 346.89601pt>
File: expResult/bk_dd.pdf Graphic file (type pdf)

<use expResult/bk_dd.pdf>
Package pdftex.def Info: expResult/bk_dd.pdf used on input line 34.
(pdftex.def)             Requested size: 156.23877pt x 117.18085pt.

<expResult/dblp_dd.pdf, id=461, 462.52798pt x 346.89601pt>
File: expResult/dblp_dd.pdf Graphic file (type pdf)

<use expResult/dblp_dd.pdf>
Package pdftex.def Info: expResult/dblp_dd.pdf used on input line 37.
(pdftex.def)             Requested size: 156.23877pt x 117.18085pt.
 (./squid_ex/setting.tex
(./squid_ex/dataset_table.tex
Overfull \hbox (13.40074pt too wide) in paragraph at lines 14--17
 [][] 
 []

)
Missing character: There is no ‚ in font cmr9!
Missing character: There is no Ä in font cmr9!
Missing character: There is no ú in font cmr9!
Missing character: There is no ‚ in font cmr9!
Missing character: There is no Ä in font cmr9!
Missing character: There is no ù in font cmr9!
) (./squid_ex/exp_gs.tex)
<expResult/ppi_time.pdf, id=462, 462.52798pt x 346.89601pt>
File: expResult/ppi_time.pdf Graphic file (type pdf)

<use expResult/ppi_time.pdf>
Package pdftex.def Info: expResult/ppi_time.pdf used on input line 50.
(pdftex.def)             Requested size: 151.20154pt x 113.4015pt.

<expResult/bk_time.pdf, id=463, 462.52798pt x 346.89601pt>
File: expResult/bk_time.pdf Graphic file (type pdf)

<use expResult/bk_time.pdf>
Package pdftex.def Info: expResult/bk_time.pdf used on input line 53.
(pdftex.def)             Requested size: 151.20154pt x 113.4015pt.

<expResult/dblp_time.pdf, id=464, 462.52798pt x 346.89601pt>
File: expResult/dblp_time.pdf Graphic file (type pdf)

<use expResult/dblp_time.pdf>
Package pdftex.def Info: expResult/dblp_time.pdf used on input line 56.
(pdftex.def)             Requested size: 151.20154pt x 113.4015pt.
 (./squid_ex/exp_apl.tex
<expResult/ppi_IM.pdf, id=465, 505.89pt x 289.08pt>
File: expResult/ppi_IM.pdf Graphic file (type pdf)
 <use expResult/ppi_IM.pdf>
Package pdftex.def Info: expResult/ppi_IM.pdf used on input line 6.
(pdftex.def)             Requested size: 199.16435pt x 113.81102pt.

<expResult/bk_IM.pdf, id=466, 505.89pt x 289.08pt>
File: expResult/bk_IM.pdf Graphic file (type pdf)
 <use expResult/bk_IM.pdf>
Package pdftex.def Info: expResult/bk_IM.pdf used on input line 9.
(pdftex.def)             Requested size: 199.16435pt x 113.81102pt.

Underfull \vbox (badness 1558) has occurred while \output is active []

 [9])
(./squid_ex/exp_time.tex
Overfull \hbox (5.55602pt too wide) in paragraph at lines 2--4
[]\OT1/cmr/m/n/9 These anonymiza-tion al-go-rithms were im-ple-mented in C++
 []

)) (./conclusion.tex
Missing character: There is no ‚ in font cmr9!
Missing character: There is no Ä in font cmr9!
Missing character: There is no ì in font cmr9!
) (./main.bbl
Overfull \hbox (5.20667pt too wide) in paragraph at lines 2--1
\OT1/cmr/m/n/9 Squid, which in-te-grates edge un-cer-tainty into core anonymiza
-
 []


Overfull \hbox (13.39938pt too wide) in paragraph at lines 2--1
\OT1/cmr/m/n/9 with ex-cel-lent qual-ity. Ex-per-i-ments on three real-world da
tasets
 []

[10 <./expResult/ppi_RD.pdf> <./expResult/bk_RD.pdf

pdfTeX warning: /Library/TeX/Distributions/.DefaultTeX/Contents/Programs/texbin
/pdflatex (file ./expResult/bk_RD.pdf): PDF inclusion: multiple pdfs with page 
group included in a single page
> <./expResult/dblp_RD.pdf

pdfTeX warning: /Library/TeX/Distributions/.DefaultTeX/Contents/Programs/texbin
/pdflatex (file ./expResult/dblp_RD.pdf): PDF inclusion: multiple pdfs with pag
e group included in a single page
> <./expResult/ppi_dd.pdf

pdfTeX warning: /Library/TeX/Distributions/.DefaultTeX/Contents/Programs/texbin
/pdflatex (file ./expResult/ppi_dd.pdf): PDF inclusion: multiple pdfs with page
 group included in a single page
> <./expResult/bk_dd.pdf

pdfTeX warning: /Library/TeX/Distributions/.DefaultTeX/Contents/Programs/texbin
/pdflatex (file ./expResult/bk_dd.pdf): PDF inclusion: multiple pdfs with page 
group included in a single page
> <./expResult/dblp_dd.pdf

pdfTeX warning: /Library/TeX/Distributions/.DefaultTeX/Contents/Programs/texbin
/pdflatex (file ./expResult/dblp_dd.pdf): PDF inclusion: multiple pdfs with pag
e group included in a single page
>]
Underfull \vbox (badness 10000) has occurred while \output is active []

 [11 <./expResult/ppi_time.pdf> <./expResult/bk_time.pdf

pdfTeX warning: /Library/TeX/Distributions/.DefaultTeX/Contents/Programs/texbin
/pdflatex (file ./expResult/bk_time.pdf): PDF inclusion: multiple pdfs with pag
e group included in a single page
> <./expResult/dblp_time.pdf

pdfTeX warning: /Library/TeX/Distributions/.DefaultTeX/Contents/Programs/texbin
/pdflatex (file ./expResult/dblp_time.pdf): PDF inclusion: multiple pdfs with p
age group included in a single page
> <./expResult/ppi_IM.pdf

pdfTeX warning: /Library/TeX/Distributions/.DefaultTeX/Contents/Programs/texbin
/pdflatex (file ./expResult/ppi_IM.pdf): PDF inclusion: multiple pdfs with page
 group included in a single page
> <./expResult/bk_IM.pdf

pdfTeX warning: /Library/TeX/Distributions/.DefaultTeX/Contents/Programs/texbin
/pdflatex (file ./expResult/bk_IM.pdf): PDF inclusion: multiple pdfs with page 
group included in a single page
>]) [12

] (./main.aux)

LaTeX Warning: There were multiply-defined labels.

 ) 
Here is how much of TeX's memory you used:
 5408 strings out of 493014
 78095 string characters out of 6133351
 169210 words of memory out of 5000000
 8750 multiletter control sequences out of 15000+600000
 24563 words of font info for 59 fonts, out of 8000000 for 9000
 1141 hyphenation exceptions out of 8191
 42i,19n,39p,763b,686s stack positions out of 5000i,500n,10000p,200000b,80000s
{/usr/local/texlive/2016/texmf-dist/fonts/enc/dvips/base/8r.enc}</usr/local/t
exlive/2016/texmf-dist/fonts/type1/public/amsfonts/cm/cmbx9.pfb></usr/local/tex
live/2016/texmf-dist/fonts/type1/public/amsfonts/cm/cmbxti10.pfb></usr/local/te
xlive/2016/texmf-dist/fonts/type1/public/amsfonts/cm/cmcsc10.pfb></usr/local/te
xlive/2016/texmf-dist/fonts/type1/public/amsfonts/cmextra/cmex9.pfb></usr/local
/texlive/2016/texmf-dist/fonts/type1/public/amsfonts/cm/cmmi10.pfb></usr/local/
texlive/2016/texmf-dist/fonts/type1/public/amsfonts/cm/cmmi5.pfb></usr/local/te
xlive/2016/texmf-dist/fonts/type1/public/amsfonts/cm/cmmi6.pfb></usr/local/texl
ive/2016/texmf-dist/fonts/type1/public/amsfonts/cm/cmmi7.pfb></usr/local/texliv
e/2016/texmf-dist/fonts/type1/public/amsfonts/cm/cmmi9.pfb></usr/local/texlive/
2016/texmf-dist/fonts/type1/public/amsfonts/cm/cmr10.pfb></usr/local/texlive/20
16/texmf-dist/fonts/type1/public/amsfonts/cm/cmr5.pfb></usr/local/texlive/2016/
texmf-dist/fonts/type1/public/amsfonts/cm/cmr6.pfb></usr/local/texlive/2016/tex
mf-dist/fonts/type1/public/amsfonts/cm/cmr7.pfb></usr/local/texlive/2016/texmf-
dist/fonts/type1/public/amsfonts/cm/cmr9.pfb></usr/local/texlive/2016/texmf-dis
t/fonts/type1/public/amsfonts/cm/cmsy10.pfb></usr/local/texlive/2016/texmf-dist
/fonts/type1/public/amsfonts/cm/cmsy5.pfb></usr/local/texlive/2016/texmf-dist/f
onts/type1/public/amsfonts/cm/cmsy6.pfb></usr/local/texlive/2016/texmf-dist/fon
ts/type1/public/amsfonts/cm/cmsy9.pfb></usr/local/texlive/2016/texmf-dist/fonts
/type1/public/amsfonts/cm/cmti9.pfb></usr/local/texlive/2016/texmf-dist/fonts/t
ype1/public/amsfonts/cm/cmtt9.pfb></usr/local/texlive/2016/texmf-dist/fonts/typ
e1/public/amsfonts/symbols/msam10.pfb></usr/local/texlive/2016/texmf-dist/fonts
/type1/urw/helvetic/uhvb8a.pfb></usr/local/texlive/2016/texmf-dist/fonts/type1/
urw/helvetic/uhvr8a.pfb></usr/local/texlive/2016/texmf-dist/fonts/type1/urw/tim
es/utmb8a.pfb>
Output written on ./main.pdf (12 pages, 2158438 bytes).
PDF statistics:
 903 PDF objects out of 1000 (max. 8388607)
 456 compressed objects within 5 object streams
 0 named destinations out of 1000 (max. 500000)
 111 words of extra memory for PDF output out of 10000 (max. 10000000)

